0 info it worked if it ends with ok
1 verbose cli [ '/Users/albatrosary/.nodebrew/node/v5.1.0/bin/node',
1 verbose cli   '/Users/albatrosary/.nodebrew/current/bin/npm',
1 verbose cli   'publish' ]
2 info using npm@3.3.12
3 info using node@v5.1.0
4 verbose publish [ '.' ]
5 silly cache add args [ '.', null ]
6 verbose cache add spec .
7 silly cache add parsed spec Result {
7 silly cache add   raw: '.',
7 silly cache add   scope: null,
7 silly cache add   name: null,
7 silly cache add   rawSpec: '.',
7 silly cache add   spec: '/Users/albatrosary/Sandbox/generator-angular-winjs',
7 silly cache add   type: 'directory' }
8 verbose addLocalDirectory /Users/albatrosary/.npm/generator-angular-winjs/0.0.0/package.tgz not in flight; packing
9 info lifecycle generator-angular-winjs@0.0.0~prepublish: generator-angular-winjs@0.0.0
10 verbose lifecycle generator-angular-winjs@0.0.0~prepublish: unsafe-perm in lifecycle true
11 verbose lifecycle generator-angular-winjs@0.0.0~prepublish: PATH: /Users/albatrosary/.nodebrew/node/v5.1.0/lib/node_modules/npm/bin/node-gyp-bin:/Users/albatrosary/Sandbox/generator-angular-winjs/node_modules/.bin:/usr/local/heroku/bin:/opt/local/bin:/opt/local/sbin:/Users/albatrosary/.nodebrew/current/bin:/usr/local/bin:/usr/bin:/bin:/usr/sbin:/sbin
12 verbose lifecycle generator-angular-winjs@0.0.0~prepublish: CWD: /Users/albatrosary/Sandbox/generator-angular-winjs
13 silly lifecycle generator-angular-winjs@0.0.0~prepublish: Args: [ '-c', 'gulp prepublish' ]
14 silly lifecycle generator-angular-winjs@0.0.0~prepublish: Returned: code: 0  signal: null
15 verbose tar pack [ '/Users/albatrosary/.npm/generator-angular-winjs/0.0.0/package.tgz',
15 verbose tar pack   '/Users/albatrosary/Sandbox/generator-angular-winjs' ]
16 verbose tarball /Users/albatrosary/.npm/generator-angular-winjs/0.0.0/package.tgz
17 verbose folder /Users/albatrosary/Sandbox/generator-angular-winjs
18 verbose addLocalTarball adding from inside cache /Users/albatrosary/.npm/generator-angular-winjs/0.0.0/package.tgz
19 silly cache afterAdd generator-angular-winjs@0.0.0
20 verbose afterAdd /Users/albatrosary/.npm/generator-angular-winjs/0.0.0/package/package.json not in flight; writing
21 verbose afterAdd /Users/albatrosary/.npm/generator-angular-winjs/0.0.0/package/package.json written
22 silly publish { name: 'generator-angular-winjs',
22 silly publish   version: '0.0.0',
22 silly publish   description: 'Angular1 and WinJS Generator',
22 silly publish   homepage: 'http://www.ashiras.xyz',
22 silly publish   author:
22 silly publish    { name: 'Fumio SAGAWA',
22 silly publish      email: 'fumio.sagawa@gmail.com',
22 silly publish      url: 'www.ashiras.xyz' },
22 silly publish   files: [ 'generators' ],
22 silly publish   main: 'generators/index.js',
22 silly publish   keywords: [ 'yeoman-generator, angular, winjs' ],
22 silly publish   dependencies:
22 silly publish    { 'yeoman-generator': '^0.21.1',
22 silly publish      chalk: '^1.0.0',
22 silly publish      yosay: '^1.0.2' },
22 silly publish   devDependencies:
22 silly publish    { 'yeoman-assert': '^2.0.0',
22 silly publish      gulp: '^3.6.0',
22 silly publish      'gulp-eslint': '^1.0.0',
22 silly publish      'gulp-exclude-gitignore': '^1.0.0',
22 silly publish      'gulp-istanbul': '^0.9.0',
22 silly publish      'gulp-mocha': '^2.0.0',
22 silly publish      'gulp-plumber': '^1.0.0',
22 silly publish      'gulp-nsp': '^2.1.0',
22 silly publish      'gulp-coveralls': '^0.1.0' },
22 silly publish   repository:
22 silly publish    { type: 'git',
22 silly publish      url: 'git+https://github.com/albatrosary/generator-angular-winjs.git' },
22 silly publish   scripts: { prepublish: 'gulp prepublish', test: 'gulp' },
22 silly publish   license: 'MIT',
22 silly publish   readme: '# generator-angular-winjs [![NPM version][npm-image]][npm-url] [![Build Status][travis-image]][travis-url] [![Dependency Status][daviddm-image]][daviddm-url] [![Coverage percentage][coveralls-image]][coveralls-url]\n> Angular1 and WinJS Generator\n\n## Installation\n\nFirst, install [Yeoman](http://yeoman.io) and generator-angular-winjs using [npm](https://www.npmjs.com/) (we assume you have pre-installed [node.js](https://nodejs.org/)).\n\n```bash\nnpm install -g yo\nnpm install -g generator-angular-winjs\n```\n\nThen generate your new project:\n\n```bash\nyo angular-winjs\n```\n\n## Developing\n\n```bash\nnpm start\n```\n\nLaunch the browser\n\n## Getting To Know Yeoman\n\nYeoman has a heart of gold. He&#39;s a person with feelings and opinions, but he&#39;s very easy to work with. If you think he&#39;s too opinionated, he can be easily convinced. Feel free to [learn more about him](http://yeoman.io/).\n\n## License\n\nMIT © [Fumio SAGAWA](www.ashiras.xyz)\n\n\n[npm-image]: https://badge.fury.io/js/generator-angular-winjs.svg\n[npm-url]: https://npmjs.org/package/generator-angular-winjs\n[travis-image]: https://travis-ci.org/albatrosary/generator-angular-winjs.svg?branch=master\n[travis-url]: https://travis-ci.org/albatrosary/generator-angular-winjs\n[daviddm-image]: https://david-dm.org/albatrosary/generator-angular-winjs.svg?theme=shields.io\n[daviddm-url]: https://david-dm.org/albatrosary/generator-angular-winjs\n[coveralls-image]: https://coveralls.io/repos/albatrosary/generator-angular-winjs/badge.svg\n[coveralls-url]: https://coveralls.io/r/albatrosary/generator-angular-winjs\n',
22 silly publish   readmeFilename: 'README.md',
22 silly publish   gitHead: 'f0622d345474c41f955de48abee40c41b6243a28',
22 silly publish   bugs: { url: 'https://github.com/albatrosary/generator-angular-winjs/issues' },
22 silly publish   _id: 'generator-angular-winjs@0.0.0',
22 silly publish   _shasum: '7029c150235a8f7d868f949f28806ee91c22f0d6',
22 silly publish   _from: '.' }
23 verbose getPublishConfig undefined
24 silly mapToRegistry name generator-angular-winjs
25 silly mapToRegistry using default registry
26 silly mapToRegistry registry https://registry.npmjs.org/
27 silly mapToRegistry uri https://registry.npmjs.org/generator-angular-winjs
28 verbose publish registryBase https://registry.npmjs.org/
29 silly publish uploading /Users/albatrosary/.npm/generator-angular-winjs/0.0.0/package.tgz
30 verbose request uri https://registry.npmjs.org/generator-angular-winjs
31 verbose request sending authorization for write operation
32 info attempt registry request try #1 at 19:25:08
33 verbose request using bearer token for auth
34 verbose request id 9384993c07fdbbe5
35 http request PUT https://registry.npmjs.org/generator-angular-winjs
36 http 403 https://registry.npmjs.org/generator-angular-winjs
37 verbose headers { 'content-type': 'application/json',
37 verbose headers   'cache-control': 'max-age=60',
37 verbose headers   'content-length': '95',
37 verbose headers   'accept-ranges': 'bytes',
37 verbose headers   date: 'Wed, 02 Dec 2015 10:25:09 GMT',
37 verbose headers   via: '1.1 varnish',
37 verbose headers   connection: 'keep-alive',
37 verbose headers   'x-served-by': 'cache-nrt6126-NRT',
37 verbose headers   'x-cache': 'MISS',
37 verbose headers   'x-cache-hits': '0',
37 verbose headers   'x-timer': 'S1449051909.092407,VS0,VE172' }
38 verbose request invalidating /Users/albatrosary/.npm/registry.npmjs.org/generator-angular-winjs on PUT
39 error publish Failed PUT 403
40 verbose stack Error: "You cannot publish over the previously published version 0.0.0." : generator-angular-winjs
40 verbose stack     at makeError (/Users/albatrosary/.nodebrew/node/v5.1.0/lib/node_modules/npm/node_modules/npm-registry-client/lib/request.js:264:12)
40 verbose stack     at CachingRegistryClient.<anonymous> (/Users/albatrosary/.nodebrew/node/v5.1.0/lib/node_modules/npm/node_modules/npm-registry-client/lib/request.js:252:14)
40 verbose stack     at Request._callback (/Users/albatrosary/.nodebrew/node/v5.1.0/lib/node_modules/npm/node_modules/npm-registry-client/lib/request.js:172:14)
40 verbose stack     at Request.self.callback (/Users/albatrosary/.nodebrew/node/v5.1.0/lib/node_modules/npm/node_modules/request/request.js:198:22)
40 verbose stack     at emitTwo (events.js:87:13)
40 verbose stack     at Request.emit (events.js:172:7)
40 verbose stack     at Request.<anonymous> (/Users/albatrosary/.nodebrew/node/v5.1.0/lib/node_modules/npm/node_modules/request/request.js:1082:10)
40 verbose stack     at emitOne (events.js:82:20)
40 verbose stack     at Request.emit (events.js:169:7)
40 verbose stack     at IncomingMessage.<anonymous> (/Users/albatrosary/.nodebrew/node/v5.1.0/lib/node_modules/npm/node_modules/request/request.js:1009:12)
41 verbose statusCode 403
42 verbose pkgid generator-angular-winjs
43 verbose cwd /Users/albatrosary/Sandbox/generator-angular-winjs
44 error Darwin 15.0.0
45 error argv "/Users/albatrosary/.nodebrew/node/v5.1.0/bin/node" "/Users/albatrosary/.nodebrew/current/bin/npm" "publish"
46 error node v5.1.0
47 error npm  v3.3.12
48 error code E403
49 error "You cannot publish over the previously published version 0.0.0." : generator-angular-winjs
50 error If you need help, you may report this error at:
50 error     <https://github.com/npm/npm/issues>
51 verbose exit [ 1, true ]
